<?xml version="1.0" encoding="UTF-8"?>
<testsuite xmlns:xsi="http://www.w3.org/2001/XMLSchema-instance" xsi:noNamespaceSchemaLocation="https://maven.apache.org/surefire/maven-surefire-plugin/xsd/surefire-test-report.xsd" version="3.0.2" name="com.example.bookshop.BookShopApplicationTests" time="22.271" tests="1" errors="0" skipped="0" failures="0">
  <properties>
    <property name="java.specification.version" value="23"/>
    <property name="sun.cpu.isalist" value="amd64"/>
    <property name="sun.jnu.encoding" value="Cp1251"/>
    <property name="java.class.path" value="C:\Users\RetKi\IdeaProjects\Book-shop\target\test-classes;C:\Users\RetKi\IdeaProjects\Book-shop\target\classes;C:\Users\RetKi\.m2\repository\org\springframework\boot\spring-boot-starter-data-jpa\3.4.2\spring-boot-starter-data-jpa-3.4.2.jar;C:\Users\RetKi\.m2\repository\org\springframework\boot\spring-boot-starter\3.4.2\spring-boot-starter-3.4.2.jar;C:\Users\RetKi\.m2\repository\org\springframework\boot\spring-boot-autoconfigure\3.4.2\spring-boot-autoconfigure-3.4.2.jar;C:\Users\RetKi\.m2\repository\org\springframework\boot\spring-boot-starter-logging\3.4.2\spring-boot-starter-logging-3.4.2.jar;C:\Users\RetKi\.m2\repository\ch\qos\logback\logback-classic\1.5.16\logback-classic-1.5.16.jar;C:\Users\RetKi\.m2\repository\ch\qos\logback\logback-core\1.5.16\logback-core-1.5.16.jar;C:\Users\RetKi\.m2\repository\org\apache\logging\log4j\log4j-to-slf4j\2.24.3\log4j-to-slf4j-2.24.3.jar;C:\Users\RetKi\.m2\repository\org\apache\logging\log4j\log4j-api\2.24.3\log4j-api-2.24.3.jar;C:\Users\RetKi\.m2\repository\org\slf4j\jul-to-slf4j\2.0.16\jul-to-slf4j-2.0.16.jar;C:\Users\RetKi\.m2\repository\jakarta\annotation\jakarta.annotation-api\2.1.1\jakarta.annotation-api-2.1.1.jar;C:\Users\RetKi\.m2\repository\org\springframework\boot\spring-boot-starter-jdbc\3.4.2\spring-boot-starter-jdbc-3.4.2.jar;C:\Users\RetKi\.m2\repository\com\zaxxer\HikariCP\5.1.0\HikariCP-5.1.0.jar;C:\Users\RetKi\.m2\repository\org\springframework\spring-jdbc\6.2.2\spring-jdbc-6.2.2.jar;C:\Users\RetKi\.m2\repository\org\hibernate\orm\hibernate-core\6.6.5.Final\hibernate-core-6.6.5.Final.jar;C:\Users\RetKi\.m2\repository\jakarta\persistence\jakarta.persistence-api\3.1.0\jakarta.persistence-api-3.1.0.jar;C:\Users\RetKi\.m2\repository\jakarta\transaction\jakarta.transaction-api\2.0.1\jakarta.transaction-api-2.0.1.jar;C:\Users\RetKi\.m2\repository\org\jboss\logging\jboss-logging\3.6.1.Final\jboss-logging-3.6.1.Final.jar;C:\Users\RetKi\.m2\repository\org\hibernate\common\hibernate-commons-annotations\7.0.3.Final\hibernate-commons-annotations-7.0.3.Final.jar;C:\Users\RetKi\.m2\repository\io\smallrye\jandex\3.2.0\jandex-3.2.0.jar;C:\Users\RetKi\.m2\repository\com\fasterxml\classmate\1.7.0\classmate-1.7.0.jar;C:\Users\RetKi\.m2\repository\net\bytebuddy\byte-buddy\1.15.11\byte-buddy-1.15.11.jar;C:\Users\RetKi\.m2\repository\org\glassfish\jaxb\jaxb-runtime\4.0.5\jaxb-runtime-4.0.5.jar;C:\Users\RetKi\.m2\repository\org\glassfish\jaxb\jaxb-core\4.0.5\jaxb-core-4.0.5.jar;C:\Users\RetKi\.m2\repository\org\eclipse\angus\angus-activation\2.0.2\angus-activation-2.0.2.jar;C:\Users\RetKi\.m2\repository\org\glassfish\jaxb\txw2\4.0.5\txw2-4.0.5.jar;C:\Users\RetKi\.m2\repository\com\sun\istack\istack-commons-runtime\4.1.2\istack-commons-runtime-4.1.2.jar;C:\Users\RetKi\.m2\repository\jakarta\inject\jakarta.inject-api\2.0.1\jakarta.inject-api-2.0.1.jar;C:\Users\RetKi\.m2\repository\org\antlr\antlr4-runtime\4.13.0\antlr4-runtime-4.13.0.jar;C:\Users\RetKi\.m2\repository\org\springframework\data\spring-data-jpa\3.4.2\spring-data-jpa-3.4.2.jar;C:\Users\RetKi\.m2\repository\org\springframework\data\spring-data-commons\3.4.2\spring-data-commons-3.4.2.jar;C:\Users\RetKi\.m2\repository\org\springframework\spring-orm\6.2.2\spring-orm-6.2.2.jar;C:\Users\RetKi\.m2\repository\org\springframework\spring-context\6.2.2\spring-context-6.2.2.jar;C:\Users\RetKi\.m2\repository\org\springframework\spring-tx\6.2.2\spring-tx-6.2.2.jar;C:\Users\RetKi\.m2\repository\org\springframework\spring-beans\6.2.2\spring-beans-6.2.2.jar;C:\Users\RetKi\.m2\repository\org\slf4j\slf4j-api\2.0.16\slf4j-api-2.0.16.jar;C:\Users\RetKi\.m2\repository\org\springframework\spring-aspects\6.2.2\spring-aspects-6.2.2.jar;C:\Users\RetKi\.m2\repository\org\aspectj\aspectjweaver\1.9.22.1\aspectjweaver-1.9.22.1.jar;C:\Users\RetKi\.m2\repository\org\projectlombok\lombok\1.18.36\lombok-1.18.36.jar;C:\Users\RetKi\.m2\repository\org\springframework\boot\spring-boot-starter-test\3.4.2\spring-boot-starter-test-3.4.2.jar;C:\Users\RetKi\.m2\repository\org\springframework\boot\spring-boot-test\3.4.2\spring-boot-test-3.4.2.jar;C:\Users\RetKi\.m2\repository\org\springframework\boot\spring-boot-test-autoconfigure\3.4.2\spring-boot-test-autoconfigure-3.4.2.jar;C:\Users\RetKi\.m2\repository\com\jayway\jsonpath\json-path\2.9.0\json-path-2.9.0.jar;C:\Users\RetKi\.m2\repository\jakarta\xml\bind\jakarta.xml.bind-api\4.0.2\jakarta.xml.bind-api-4.0.2.jar;C:\Users\RetKi\.m2\repository\jakarta\activation\jakarta.activation-api\2.1.3\jakarta.activation-api-2.1.3.jar;C:\Users\RetKi\.m2\repository\net\minidev\json-smart\2.5.1\json-smart-2.5.1.jar;C:\Users\RetKi\.m2\repository\net\minidev\accessors-smart\2.5.1\accessors-smart-2.5.1.jar;C:\Users\RetKi\.m2\repository\org\ow2\asm\asm\9.6\asm-9.6.jar;C:\Users\RetKi\.m2\repository\org\assertj\assertj-core\3.26.3\assertj-core-3.26.3.jar;C:\Users\RetKi\.m2\repository\org\awaitility\awaitility\4.2.2\awaitility-4.2.2.jar;C:\Users\RetKi\.m2\repository\org\hamcrest\hamcrest\2.2\hamcrest-2.2.jar;C:\Users\RetKi\.m2\repository\org\junit\jupiter\junit-jupiter\5.11.4\junit-jupiter-5.11.4.jar;C:\Users\RetKi\.m2\repository\org\junit\jupiter\junit-jupiter-api\5.11.4\junit-jupiter-api-5.11.4.jar;C:\Users\RetKi\.m2\repository\org\opentest4j\opentest4j\1.3.0\opentest4j-1.3.0.jar;C:\Users\RetKi\.m2\repository\org\junit\platform\junit-platform-commons\1.11.4\junit-platform-commons-1.11.4.jar;C:\Users\RetKi\.m2\repository\org\apiguardian\apiguardian-api\1.1.2\apiguardian-api-1.1.2.jar;C:\Users\RetKi\.m2\repository\org\junit\jupiter\junit-jupiter-params\5.11.4\junit-jupiter-params-5.11.4.jar;C:\Users\RetKi\.m2\repository\org\junit\jupiter\junit-jupiter-engine\5.11.4\junit-jupiter-engine-5.11.4.jar;C:\Users\RetKi\.m2\repository\org\junit\platform\junit-platform-engine\1.11.4\junit-platform-engine-1.11.4.jar;C:\Users\RetKi\.m2\repository\org\mockito\mockito-core\5.14.2\mockito-core-5.14.2.jar;C:\Users\RetKi\.m2\repository\net\bytebuddy\byte-buddy-agent\1.15.11\byte-buddy-agent-1.15.11.jar;C:\Users\RetKi\.m2\repository\org\objenesis\objenesis\3.3\objenesis-3.3.jar;C:\Users\RetKi\.m2\repository\org\mockito\mockito-junit-jupiter\5.14.2\mockito-junit-jupiter-5.14.2.jar;C:\Users\RetKi\.m2\repository\org\skyscreamer\jsonassert\1.5.3\jsonassert-1.5.3.jar;C:\Users\RetKi\.m2\repository\com\vaadin\external\google\android-json\0.0.20131108.vaadin1\android-json-0.0.20131108.vaadin1.jar;C:\Users\RetKi\.m2\repository\org\springframework\spring-core\6.2.2\spring-core-6.2.2.jar;C:\Users\RetKi\.m2\repository\org\springframework\spring-jcl\6.2.2\spring-jcl-6.2.2.jar;C:\Users\RetKi\.m2\repository\org\springframework\spring-test\6.2.2\spring-test-6.2.2.jar;C:\Users\RetKi\.m2\repository\org\xmlunit\xmlunit-core\2.10.0\xmlunit-core-2.10.0.jar;C:\Users\RetKi\.m2\repository\com\h2database\h2\2.3.232\h2-2.3.232.jar;C:\Users\RetKi\.m2\repository\com\mysql\mysql-connector-j\9.1.0\mysql-connector-j-9.1.0.jar;C:\Users\RetKi\.m2\repository\org\springframework\boot\spring-boot-starter-web\3.4.2\spring-boot-starter-web-3.4.2.jar;C:\Users\RetKi\.m2\repository\org\springframework\boot\spring-boot-starter-json\3.4.2\spring-boot-starter-json-3.4.2.jar;C:\Users\RetKi\.m2\repository\com\fasterxml\jackson\datatype\jackson-datatype-jdk8\2.18.2\jackson-datatype-jdk8-2.18.2.jar;C:\Users\RetKi\.m2\repository\com\fasterxml\jackson\datatype\jackson-datatype-jsr310\2.18.2\jackson-datatype-jsr310-2.18.2.jar;C:\Users\RetKi\.m2\repository\org\springframework\boot\spring-boot-starter-tomcat\3.4.2\spring-boot-starter-tomcat-3.4.2.jar;C:\Users\RetKi\.m2\repository\org\apache\tomcat\embed\tomcat-embed-core\10.1.34\tomcat-embed-core-10.1.34.jar;C:\Users\RetKi\.m2\repository\org\apache\tomcat\embed\tomcat-embed-websocket\10.1.34\tomcat-embed-websocket-10.1.34.jar;C:\Users\RetKi\.m2\repository\org\springframework\spring-web\6.2.2\spring-web-6.2.2.jar;C:\Users\RetKi\.m2\repository\io\micrometer\micrometer-observation\1.14.3\micrometer-observation-1.14.3.jar;C:\Users\RetKi\.m2\repository\io\micrometer\micrometer-commons\1.14.3\micrometer-commons-1.14.3.jar;C:\Users\RetKi\.m2\repository\org\springframework\spring-webmvc\6.2.2\spring-webmvc-6.2.2.jar;C:\Users\RetKi\.m2\repository\org\springframework\spring-expression\6.2.2\spring-expression-6.2.2.jar;C:\Users\RetKi\.m2\repository\org\mapstruct\mapstruct\1.6.3\mapstruct-1.6.3.jar;C:\Users\RetKi\.m2\repository\org\liquibase\liquibase-core\4.29.2\liquibase-core-4.29.2.jar;C:\Users\RetKi\.m2\repository\com\opencsv\opencsv\5.9\opencsv-5.9.jar;C:\Users\RetKi\.m2\repository\org\yaml\snakeyaml\2.3\snakeyaml-2.3.jar;C:\Users\RetKi\.m2\repository\javax\xml\bind\jaxb-api\2.3.1\jaxb-api-2.3.1.jar;C:\Users\RetKi\.m2\repository\commons-io\commons-io\2.16.1\commons-io-2.16.1.jar;C:\Users\RetKi\.m2\repository\org\apache\commons\commons-collections4\4.4\commons-collections4-4.4.jar;C:\Users\RetKi\.m2\repository\org\apache\commons\commons-text\1.12.0\commons-text-1.12.0.jar;C:\Users\RetKi\.m2\repository\org\apache\commons\commons-lang3\3.17.0\commons-lang3-3.17.0.jar;C:\Users\RetKi\.m2\repository\org\liquibase\liquibase-maven-plugin\4.29.2\liquibase-maven-plugin-4.29.2.jar;C:\Users\RetKi\.m2\repository\org\liquibase\liquibase-commercial\4.29.2\liquibase-commercial-4.29.2.jar;C:\Users\RetKi\.m2\repository\org\springframework\boot\spring-boot-starter-validation\3.4.2\spring-boot-starter-validation-3.4.2.jar;C:\Users\RetKi\.m2\repository\org\apache\tomcat\embed\tomcat-embed-el\10.1.34\tomcat-embed-el-10.1.34.jar;C:\Users\RetKi\.m2\repository\org\hibernate\validator\hibernate-validator\8.0.2.Final\hibernate-validator-8.0.2.Final.jar;C:\Users\RetKi\.m2\repository\jakarta\validation\jakarta.validation-api\3.0.2\jakarta.validation-api-3.0.2.jar;C:\Users\RetKi\.m2\repository\org\springdoc\springdoc-openapi-starter-webmvc-ui\2.7.0\springdoc-openapi-starter-webmvc-ui-2.7.0.jar;C:\Users\RetKi\.m2\repository\org\springdoc\springdoc-openapi-starter-webmvc-api\2.7.0\springdoc-openapi-starter-webmvc-api-2.7.0.jar;C:\Users\RetKi\.m2\repository\org\springdoc\springdoc-openapi-starter-common\2.7.0\springdoc-openapi-starter-common-2.7.0.jar;C:\Users\RetKi\.m2\repository\io\swagger\core\v3\swagger-core-jakarta\2.2.25\swagger-core-jakarta-2.2.25.jar;C:\Users\RetKi\.m2\repository\io\swagger\core\v3\swagger-annotations-jakarta\2.2.25\swagger-annotations-jakarta-2.2.25.jar;C:\Users\RetKi\.m2\repository\io\swagger\core\v3\swagger-models-jakarta\2.2.25\swagger-models-jakarta-2.2.25.jar;C:\Users\RetKi\.m2\repository\com\fasterxml\jackson\dataformat\jackson-dataformat-yaml\2.18.2\jackson-dataformat-yaml-2.18.2.jar;C:\Users\RetKi\.m2\repository\org\webjars\swagger-ui\5.18.2\swagger-ui-5.18.2.jar;C:\Users\RetKi\.m2\repository\org\webjars\webjars-locator-lite\1.0.1\webjars-locator-lite-1.0.1.jar;C:\Users\RetKi\.m2\repository\org\jspecify\jspecify\1.0.0\jspecify-1.0.0.jar;C:\Users\RetKi\.m2\repository\org\springframework\boot\spring-boot-starter-security\3.4.2\spring-boot-starter-security-3.4.2.jar;C:\Users\RetKi\.m2\repository\org\springframework\spring-aop\6.2.2\spring-aop-6.2.2.jar;C:\Users\RetKi\.m2\repository\org\springframework\security\spring-security-config\6.4.2\spring-security-config-6.4.2.jar;C:\Users\RetKi\.m2\repository\org\springframework\security\spring-security-web\6.4.2\spring-security-web-6.4.2.jar;C:\Users\RetKi\.m2\repository\org\springframework\security\spring-security-test\6.4.2\spring-security-test-6.4.2.jar;C:\Users\RetKi\.m2\repository\org\springframework\security\spring-security-core\6.4.2\spring-security-core-6.4.2.jar;C:\Users\RetKi\.m2\repository\org\springframework\security\spring-security-crypto\6.4.2\spring-security-crypto-6.4.2.jar;C:\Users\RetKi\.m2\repository\io\jsonwebtoken\jjwt-api\0.12.6\jjwt-api-0.12.6.jar;C:\Users\RetKi\.m2\repository\io\jsonwebtoken\jjwt-impl\0.12.6\jjwt-impl-0.12.6.jar;C:\Users\RetKi\.m2\repository\io\jsonwebtoken\jjwt-jackson\0.12.6\jjwt-jackson-0.12.6.jar;C:\Users\RetKi\.m2\repository\com\fasterxml\jackson\core\jackson-databind\2.18.2\jackson-databind-2.18.2.jar;C:\Users\RetKi\.m2\repository\com\fasterxml\jackson\core\jackson-annotations\2.18.2\jackson-annotations-2.18.2.jar;C:\Users\RetKi\.m2\repository\com\fasterxml\jackson\core\jackson-core\2.18.2\jackson-core-2.18.2.jar;C:\Users\RetKi\.m2\repository\org\springframework\boot\spring-boot-docker-compose\3.4.2\spring-boot-docker-compose-3.4.2.jar;C:\Users\RetKi\.m2\repository\org\springframework\boot\spring-boot\3.4.2\spring-boot-3.4.2.jar;C:\Users\RetKi\.m2\repository\com\fasterxml\jackson\module\jackson-module-parameter-names\2.18.2\jackson-module-parameter-names-2.18.2.jar;C:\Users\RetKi\.m2\repository\org\testcontainers\junit-jupiter\1.20.4\junit-jupiter-1.20.4.jar;C:\Users\RetKi\.m2\repository\org\testcontainers\testcontainers\1.20.4\testcontainers-1.20.4.jar;C:\Users\RetKi\.m2\repository\junit\junit\4.13.2\junit-4.13.2.jar;C:\Users\RetKi\.m2\repository\org\hamcrest\hamcrest-core\2.2\hamcrest-core-2.2.jar;C:\Users\RetKi\.m2\repository\org\apache\commons\commons-compress\1.24.0\commons-compress-1.24.0.jar;C:\Users\RetKi\.m2\repository\org\rnorth\duct-tape\duct-tape\1.0.8\duct-tape-1.0.8.jar;C:\Users\RetKi\.m2\repository\org\jetbrains\annotations\17.0.0\annotations-17.0.0.jar;C:\Users\RetKi\.m2\repository\com\github\docker-java\docker-java-api\3.4.0\docker-java-api-3.4.0.jar;C:\Users\RetKi\.m2\repository\com\github\docker-java\docker-java-transport-zerodep\3.4.0\docker-java-transport-zerodep-3.4.0.jar;C:\Users\RetKi\.m2\repository\com\github\docker-java\docker-java-transport\3.4.0\docker-java-transport-3.4.0.jar;C:\Users\RetKi\.m2\repository\net\java\dev\jna\jna\5.13.0\jna-5.13.0.jar;C:\Users\RetKi\.m2\repository\org\testcontainers\mysql\1.20.4\mysql-1.20.4.jar;C:\Users\RetKi\.m2\repository\org\testcontainers\jdbc\1.20.4\jdbc-1.20.4.jar;C:\Users\RetKi\.m2\repository\org\testcontainers\database-commons\1.20.4\database-commons-1.20.4.jar;"/>
    <property name="java.vm.vendor" value="Oracle Corporation"/>
    <property name="sun.arch.data.model" value="64"/>
    <property name="user.variant" value=""/>
    <property name="java.vendor.url" value="https://java.oracle.com/"/>
    <property name="user.timezone" value="Europe/Kiev"/>
    <property name="org.jboss.logging.provider" value="slf4j"/>
    <property name="os.name" value="Windows 11"/>
    <property name="java.vm.specification.version" value="23"/>
    <property name="sun.java.launcher" value="SUN_STANDARD"/>
    <property name="user.country" value="RU"/>
    <property name="sun.boot.library.path" value="C:\Program Files\Java\jdk-23\bin"/>
    <property name="sun.java.command" value="C:\Users\RetKi\AppData\Local\Temp\surefire3054556855616633271\surefirebooter-20250311122133888_3.jar C:\Users\RetKi\AppData\Local\Temp\surefire3054556855616633271 2025-03-11T12-21-33_727-jvmRun1 surefire-20250311122133888_1tmp surefire_0-20250311122133888_2tmp"/>
    <property name="jdk.debug" value="release"/>
    <property name="surefire.test.class.path" value="C:\Users\RetKi\IdeaProjects\Book-shop\target\test-classes;C:\Users\RetKi\IdeaProjects\Book-shop\target\classes;C:\Users\RetKi\.m2\repository\org\springframework\boot\spring-boot-starter-data-jpa\3.4.2\spring-boot-starter-data-jpa-3.4.2.jar;C:\Users\RetKi\.m2\repository\org\springframework\boot\spring-boot-starter\3.4.2\spring-boot-starter-3.4.2.jar;C:\Users\RetKi\.m2\repository\org\springframework\boot\spring-boot-autoconfigure\3.4.2\spring-boot-autoconfigure-3.4.2.jar;C:\Users\RetKi\.m2\repository\org\springframework\boot\spring-boot-starter-logging\3.4.2\spring-boot-starter-logging-3.4.2.jar;C:\Users\RetKi\.m2\repository\ch\qos\logback\logback-classic\1.5.16\logback-classic-1.5.16.jar;C:\Users\RetKi\.m2\repository\ch\qos\logback\logback-core\1.5.16\logback-core-1.5.16.jar;C:\Users\RetKi\.m2\repository\org\apache\logging\log4j\log4j-to-slf4j\2.24.3\log4j-to-slf4j-2.24.3.jar;C:\Users\RetKi\.m2\repository\org\apache\logging\log4j\log4j-api\2.24.3\log4j-api-2.24.3.jar;C:\Users\RetKi\.m2\repository\org\slf4j\jul-to-slf4j\2.0.16\jul-to-slf4j-2.0.16.jar;C:\Users\RetKi\.m2\repository\jakarta\annotation\jakarta.annotation-api\2.1.1\jakarta.annotation-api-2.1.1.jar;C:\Users\RetKi\.m2\repository\org\springframework\boot\spring-boot-starter-jdbc\3.4.2\spring-boot-starter-jdbc-3.4.2.jar;C:\Users\RetKi\.m2\repository\com\zaxxer\HikariCP\5.1.0\HikariCP-5.1.0.jar;C:\Users\RetKi\.m2\repository\org\springframework\spring-jdbc\6.2.2\spring-jdbc-6.2.2.jar;C:\Users\RetKi\.m2\repository\org\hibernate\orm\hibernate-core\6.6.5.Final\hibernate-core-6.6.5.Final.jar;C:\Users\RetKi\.m2\repository\jakarta\persistence\jakarta.persistence-api\3.1.0\jakarta.persistence-api-3.1.0.jar;C:\Users\RetKi\.m2\repository\jakarta\transaction\jakarta.transaction-api\2.0.1\jakarta.transaction-api-2.0.1.jar;C:\Users\RetKi\.m2\repository\org\jboss\logging\jboss-logging\3.6.1.Final\jboss-logging-3.6.1.Final.jar;C:\Users\RetKi\.m2\repository\org\hibernate\common\hibernate-commons-annotations\7.0.3.Final\hibernate-commons-annotations-7.0.3.Final.jar;C:\Users\RetKi\.m2\repository\io\smallrye\jandex\3.2.0\jandex-3.2.0.jar;C:\Users\RetKi\.m2\repository\com\fasterxml\classmate\1.7.0\classmate-1.7.0.jar;C:\Users\RetKi\.m2\repository\net\bytebuddy\byte-buddy\1.15.11\byte-buddy-1.15.11.jar;C:\Users\RetKi\.m2\repository\org\glassfish\jaxb\jaxb-runtime\4.0.5\jaxb-runtime-4.0.5.jar;C:\Users\RetKi\.m2\repository\org\glassfish\jaxb\jaxb-core\4.0.5\jaxb-core-4.0.5.jar;C:\Users\RetKi\.m2\repository\org\eclipse\angus\angus-activation\2.0.2\angus-activation-2.0.2.jar;C:\Users\RetKi\.m2\repository\org\glassfish\jaxb\txw2\4.0.5\txw2-4.0.5.jar;C:\Users\RetKi\.m2\repository\com\sun\istack\istack-commons-runtime\4.1.2\istack-commons-runtime-4.1.2.jar;C:\Users\RetKi\.m2\repository\jakarta\inject\jakarta.inject-api\2.0.1\jakarta.inject-api-2.0.1.jar;C:\Users\RetKi\.m2\repository\org\antlr\antlr4-runtime\4.13.0\antlr4-runtime-4.13.0.jar;C:\Users\RetKi\.m2\repository\org\springframework\data\spring-data-jpa\3.4.2\spring-data-jpa-3.4.2.jar;C:\Users\RetKi\.m2\repository\org\springframework\data\spring-data-commons\3.4.2\spring-data-commons-3.4.2.jar;C:\Users\RetKi\.m2\repository\org\springframework\spring-orm\6.2.2\spring-orm-6.2.2.jar;C:\Users\RetKi\.m2\repository\org\springframework\spring-context\6.2.2\spring-context-6.2.2.jar;C:\Users\RetKi\.m2\repository\org\springframework\spring-tx\6.2.2\spring-tx-6.2.2.jar;C:\Users\RetKi\.m2\repository\org\springframework\spring-beans\6.2.2\spring-beans-6.2.2.jar;C:\Users\RetKi\.m2\repository\org\slf4j\slf4j-api\2.0.16\slf4j-api-2.0.16.jar;C:\Users\RetKi\.m2\repository\org\springframework\spring-aspects\6.2.2\spring-aspects-6.2.2.jar;C:\Users\RetKi\.m2\repository\org\aspectj\aspectjweaver\1.9.22.1\aspectjweaver-1.9.22.1.jar;C:\Users\RetKi\.m2\repository\org\projectlombok\lombok\1.18.36\lombok-1.18.36.jar;C:\Users\RetKi\.m2\repository\org\springframework\boot\spring-boot-starter-test\3.4.2\spring-boot-starter-test-3.4.2.jar;C:\Users\RetKi\.m2\repository\org\springframework\boot\spring-boot-test\3.4.2\spring-boot-test-3.4.2.jar;C:\Users\RetKi\.m2\repository\org\springframework\boot\spring-boot-test-autoconfigure\3.4.2\spring-boot-test-autoconfigure-3.4.2.jar;C:\Users\RetKi\.m2\repository\com\jayway\jsonpath\json-path\2.9.0\json-path-2.9.0.jar;C:\Users\RetKi\.m2\repository\jakarta\xml\bind\jakarta.xml.bind-api\4.0.2\jakarta.xml.bind-api-4.0.2.jar;C:\Users\RetKi\.m2\repository\jakarta\activation\jakarta.activation-api\2.1.3\jakarta.activation-api-2.1.3.jar;C:\Users\RetKi\.m2\repository\net\minidev\json-smart\2.5.1\json-smart-2.5.1.jar;C:\Users\RetKi\.m2\repository\net\minidev\accessors-smart\2.5.1\accessors-smart-2.5.1.jar;C:\Users\RetKi\.m2\repository\org\ow2\asm\asm\9.6\asm-9.6.jar;C:\Users\RetKi\.m2\repository\org\assertj\assertj-core\3.26.3\assertj-core-3.26.3.jar;C:\Users\RetKi\.m2\repository\org\awaitility\awaitility\4.2.2\awaitility-4.2.2.jar;C:\Users\RetKi\.m2\repository\org\hamcrest\hamcrest\2.2\hamcrest-2.2.jar;C:\Users\RetKi\.m2\repository\org\junit\jupiter\junit-jupiter\5.11.4\junit-jupiter-5.11.4.jar;C:\Users\RetKi\.m2\repository\org\junit\jupiter\junit-jupiter-api\5.11.4\junit-jupiter-api-5.11.4.jar;C:\Users\RetKi\.m2\repository\org\opentest4j\opentest4j\1.3.0\opentest4j-1.3.0.jar;C:\Users\RetKi\.m2\repository\org\junit\platform\junit-platform-commons\1.11.4\junit-platform-commons-1.11.4.jar;C:\Users\RetKi\.m2\repository\org\apiguardian\apiguardian-api\1.1.2\apiguardian-api-1.1.2.jar;C:\Users\RetKi\.m2\repository\org\junit\jupiter\junit-jupiter-params\5.11.4\junit-jupiter-params-5.11.4.jar;C:\Users\RetKi\.m2\repository\org\junit\jupiter\junit-jupiter-engine\5.11.4\junit-jupiter-engine-5.11.4.jar;C:\Users\RetKi\.m2\repository\org\junit\platform\junit-platform-engine\1.11.4\junit-platform-engine-1.11.4.jar;C:\Users\RetKi\.m2\repository\org\mockito\mockito-core\5.14.2\mockito-core-5.14.2.jar;C:\Users\RetKi\.m2\repository\net\bytebuddy\byte-buddy-agent\1.15.11\byte-buddy-agent-1.15.11.jar;C:\Users\RetKi\.m2\repository\org\objenesis\objenesis\3.3\objenesis-3.3.jar;C:\Users\RetKi\.m2\repository\org\mockito\mockito-junit-jupiter\5.14.2\mockito-junit-jupiter-5.14.2.jar;C:\Users\RetKi\.m2\repository\org\skyscreamer\jsonassert\1.5.3\jsonassert-1.5.3.jar;C:\Users\RetKi\.m2\repository\com\vaadin\external\google\android-json\0.0.20131108.vaadin1\android-json-0.0.20131108.vaadin1.jar;C:\Users\RetKi\.m2\repository\org\springframework\spring-core\6.2.2\spring-core-6.2.2.jar;C:\Users\RetKi\.m2\repository\org\springframework\spring-jcl\6.2.2\spring-jcl-6.2.2.jar;C:\Users\RetKi\.m2\repository\org\springframework\spring-test\6.2.2\spring-test-6.2.2.jar;C:\Users\RetKi\.m2\repository\org\xmlunit\xmlunit-core\2.10.0\xmlunit-core-2.10.0.jar;C:\Users\RetKi\.m2\repository\com\h2database\h2\2.3.232\h2-2.3.232.jar;C:\Users\RetKi\.m2\repository\com\mysql\mysql-connector-j\9.1.0\mysql-connector-j-9.1.0.jar;C:\Users\RetKi\.m2\repository\org\springframework\boot\spring-boot-starter-web\3.4.2\spring-boot-starter-web-3.4.2.jar;C:\Users\RetKi\.m2\repository\org\springframework\boot\spring-boot-starter-json\3.4.2\spring-boot-starter-json-3.4.2.jar;C:\Users\RetKi\.m2\repository\com\fasterxml\jackson\datatype\jackson-datatype-jdk8\2.18.2\jackson-datatype-jdk8-2.18.2.jar;C:\Users\RetKi\.m2\repository\com\fasterxml\jackson\datatype\jackson-datatype-jsr310\2.18.2\jackson-datatype-jsr310-2.18.2.jar;C:\Users\RetKi\.m2\repository\org\springframework\boot\spring-boot-starter-tomcat\3.4.2\spring-boot-starter-tomcat-3.4.2.jar;C:\Users\RetKi\.m2\repository\org\apache\tomcat\embed\tomcat-embed-core\10.1.34\tomcat-embed-core-10.1.34.jar;C:\Users\RetKi\.m2\repository\org\apache\tomcat\embed\tomcat-embed-websocket\10.1.34\tomcat-embed-websocket-10.1.34.jar;C:\Users\RetKi\.m2\repository\org\springframework\spring-web\6.2.2\spring-web-6.2.2.jar;C:\Users\RetKi\.m2\repository\io\micrometer\micrometer-observation\1.14.3\micrometer-observation-1.14.3.jar;C:\Users\RetKi\.m2\repository\io\micrometer\micrometer-commons\1.14.3\micrometer-commons-1.14.3.jar;C:\Users\RetKi\.m2\repository\org\springframework\spring-webmvc\6.2.2\spring-webmvc-6.2.2.jar;C:\Users\RetKi\.m2\repository\org\springframework\spring-expression\6.2.2\spring-expression-6.2.2.jar;C:\Users\RetKi\.m2\repository\org\mapstruct\mapstruct\1.6.3\mapstruct-1.6.3.jar;C:\Users\RetKi\.m2\repository\org\liquibase\liquibase-core\4.29.2\liquibase-core-4.29.2.jar;C:\Users\RetKi\.m2\repository\com\opencsv\opencsv\5.9\opencsv-5.9.jar;C:\Users\RetKi\.m2\repository\org\yaml\snakeyaml\2.3\snakeyaml-2.3.jar;C:\Users\RetKi\.m2\repository\javax\xml\bind\jaxb-api\2.3.1\jaxb-api-2.3.1.jar;C:\Users\RetKi\.m2\repository\commons-io\commons-io\2.16.1\commons-io-2.16.1.jar;C:\Users\RetKi\.m2\repository\org\apache\commons\commons-collections4\4.4\commons-collections4-4.4.jar;C:\Users\RetKi\.m2\repository\org\apache\commons\commons-text\1.12.0\commons-text-1.12.0.jar;C:\Users\RetKi\.m2\repository\org\apache\commons\commons-lang3\3.17.0\commons-lang3-3.17.0.jar;C:\Users\RetKi\.m2\repository\org\liquibase\liquibase-maven-plugin\4.29.2\liquibase-maven-plugin-4.29.2.jar;C:\Users\RetKi\.m2\repository\org\liquibase\liquibase-commercial\4.29.2\liquibase-commercial-4.29.2.jar;C:\Users\RetKi\.m2\repository\org\springframework\boot\spring-boot-starter-validation\3.4.2\spring-boot-starter-validation-3.4.2.jar;C:\Users\RetKi\.m2\repository\org\apache\tomcat\embed\tomcat-embed-el\10.1.34\tomcat-embed-el-10.1.34.jar;C:\Users\RetKi\.m2\repository\org\hibernate\validator\hibernate-validator\8.0.2.Final\hibernate-validator-8.0.2.Final.jar;C:\Users\RetKi\.m2\repository\jakarta\validation\jakarta.validation-api\3.0.2\jakarta.validation-api-3.0.2.jar;C:\Users\RetKi\.m2\repository\org\springdoc\springdoc-openapi-starter-webmvc-ui\2.7.0\springdoc-openapi-starter-webmvc-ui-2.7.0.jar;C:\Users\RetKi\.m2\repository\org\springdoc\springdoc-openapi-starter-webmvc-api\2.7.0\springdoc-openapi-starter-webmvc-api-2.7.0.jar;C:\Users\RetKi\.m2\repository\org\springdoc\springdoc-openapi-starter-common\2.7.0\springdoc-openapi-starter-common-2.7.0.jar;C:\Users\RetKi\.m2\repository\io\swagger\core\v3\swagger-core-jakarta\2.2.25\swagger-core-jakarta-2.2.25.jar;C:\Users\RetKi\.m2\repository\io\swagger\core\v3\swagger-annotations-jakarta\2.2.25\swagger-annotations-jakarta-2.2.25.jar;C:\Users\RetKi\.m2\repository\io\swagger\core\v3\swagger-models-jakarta\2.2.25\swagger-models-jakarta-2.2.25.jar;C:\Users\RetKi\.m2\repository\com\fasterxml\jackson\dataformat\jackson-dataformat-yaml\2.18.2\jackson-dataformat-yaml-2.18.2.jar;C:\Users\RetKi\.m2\repository\org\webjars\swagger-ui\5.18.2\swagger-ui-5.18.2.jar;C:\Users\RetKi\.m2\repository\org\webjars\webjars-locator-lite\1.0.1\webjars-locator-lite-1.0.1.jar;C:\Users\RetKi\.m2\repository\org\jspecify\jspecify\1.0.0\jspecify-1.0.0.jar;C:\Users\RetKi\.m2\repository\org\springframework\boot\spring-boot-starter-security\3.4.2\spring-boot-starter-security-3.4.2.jar;C:\Users\RetKi\.m2\repository\org\springframework\spring-aop\6.2.2\spring-aop-6.2.2.jar;C:\Users\RetKi\.m2\repository\org\springframework\security\spring-security-config\6.4.2\spring-security-config-6.4.2.jar;C:\Users\RetKi\.m2\repository\org\springframework\security\spring-security-web\6.4.2\spring-security-web-6.4.2.jar;C:\Users\RetKi\.m2\repository\org\springframework\security\spring-security-test\6.4.2\spring-security-test-6.4.2.jar;C:\Users\RetKi\.m2\repository\org\springframework\security\spring-security-core\6.4.2\spring-security-core-6.4.2.jar;C:\Users\RetKi\.m2\repository\org\springframework\security\spring-security-crypto\6.4.2\spring-security-crypto-6.4.2.jar;C:\Users\RetKi\.m2\repository\io\jsonwebtoken\jjwt-api\0.12.6\jjwt-api-0.12.6.jar;C:\Users\RetKi\.m2\repository\io\jsonwebtoken\jjwt-impl\0.12.6\jjwt-impl-0.12.6.jar;C:\Users\RetKi\.m2\repository\io\jsonwebtoken\jjwt-jackson\0.12.6\jjwt-jackson-0.12.6.jar;C:\Users\RetKi\.m2\repository\com\fasterxml\jackson\core\jackson-databind\2.18.2\jackson-databind-2.18.2.jar;C:\Users\RetKi\.m2\repository\com\fasterxml\jackson\core\jackson-annotations\2.18.2\jackson-annotations-2.18.2.jar;C:\Users\RetKi\.m2\repository\com\fasterxml\jackson\core\jackson-core\2.18.2\jackson-core-2.18.2.jar;C:\Users\RetKi\.m2\repository\org\springframework\boot\spring-boot-docker-compose\3.4.2\spring-boot-docker-compose-3.4.2.jar;C:\Users\RetKi\.m2\repository\org\springframework\boot\spring-boot\3.4.2\spring-boot-3.4.2.jar;C:\Users\RetKi\.m2\repository\com\fasterxml\jackson\module\jackson-module-parameter-names\2.18.2\jackson-module-parameter-names-2.18.2.jar;C:\Users\RetKi\.m2\repository\org\testcontainers\junit-jupiter\1.20.4\junit-jupiter-1.20.4.jar;C:\Users\RetKi\.m2\repository\org\testcontainers\testcontainers\1.20.4\testcontainers-1.20.4.jar;C:\Users\RetKi\.m2\repository\junit\junit\4.13.2\junit-4.13.2.jar;C:\Users\RetKi\.m2\repository\org\hamcrest\hamcrest-core\2.2\hamcrest-core-2.2.jar;C:\Users\RetKi\.m2\repository\org\apache\commons\commons-compress\1.24.0\commons-compress-1.24.0.jar;C:\Users\RetKi\.m2\repository\org\rnorth\duct-tape\duct-tape\1.0.8\duct-tape-1.0.8.jar;C:\Users\RetKi\.m2\repository\org\jetbrains\annotations\17.0.0\annotations-17.0.0.jar;C:\Users\RetKi\.m2\repository\com\github\docker-java\docker-java-api\3.4.0\docker-java-api-3.4.0.jar;C:\Users\RetKi\.m2\repository\com\github\docker-java\docker-java-transport-zerodep\3.4.0\docker-java-transport-zerodep-3.4.0.jar;C:\Users\RetKi\.m2\repository\com\github\docker-java\docker-java-transport\3.4.0\docker-java-transport-3.4.0.jar;C:\Users\RetKi\.m2\repository\net\java\dev\jna\jna\5.13.0\jna-5.13.0.jar;C:\Users\RetKi\.m2\repository\org\testcontainers\mysql\1.20.4\mysql-1.20.4.jar;C:\Users\RetKi\.m2\repository\org\testcontainers\jdbc\1.20.4\jdbc-1.20.4.jar;C:\Users\RetKi\.m2\repository\org\testcontainers\database-commons\1.20.4\database-commons-1.20.4.jar;"/>
    <property name="sun.cpu.endian" value="little"/>
    <property name="user.home" value="C:\Users\RetKi"/>
    <property name="user.language" value="ru"/>
    <property name="java.specification.vendor" value="Oracle Corporation"/>
    <property name="java.version.date" value="2025-01-21"/>
    <property name="java.home" value="C:\Program Files\Java\jdk-23"/>
    <property name="file.separator" value="\"/>
    <property name="basedir" value="C:\Users\RetKi\IdeaProjects\Book-shop"/>
    <property name="java.vm.compressedOopsMode" value="Zero based"/>
    <property name="line.separator" value="&#10;"/>
    <property name="java.vm.specification.vendor" value="Oracle Corporation"/>
    <property name="java.specification.name" value="Java Platform API Specification"/>
    <property name="FILE_LOG_CHARSET" value="UTF-8"/>
    <property name="java.awt.headless" value="true"/>
    <property name="surefire.real.class.path" value="C:\Users\RetKi\AppData\Local\Temp\surefire3054556855616633271\surefirebooter-20250311122133888_3.jar"/>
    <property name="user.script" value=""/>
    <property name="sun.management.compiler" value="HotSpot 64-Bit Tiered Compilers"/>
    <property name="java.runtime.version" value="23.0.2+7-58"/>
    <property name="user.name" value="RetKi"/>
    <property name="stdout.encoding" value="Cp1251"/>
    <property name="path.separator" value=";"/>
    <property name="os.version" value="10.0"/>
    <property name="java.runtime.name" value="Java(TM) SE Runtime Environment"/>
    <property name="file.encoding" value="UTF-8"/>
    <property name="java.vm.name" value="Java HotSpot(TM) 64-Bit Server VM"/>
    <property name="localRepository" value="C:\Users\RetKi\.m2\repository"/>
    <property name="java.vendor.url.bug" value="https://bugreport.java.com/bugreport/"/>
    <property name="java.io.tmpdir" value="C:\Users\RetKi\AppData\Local\Temp\"/>
    <property name="com.zaxxer.hikari.pool_number" value="1"/>
    <property name="java.version" value="23.0.2"/>
    <property name="user.dir" value="C:\Users\RetKi\IdeaProjects\Book-shop"/>
    <property name="os.arch" value="amd64"/>
    <property name="java.vm.specification.name" value="Java Virtual Machine Specification"/>
    <property name="PID" value="2324"/>
    <property name="sun.os.patch.level" value=""/>
    <property name="CONSOLE_LOG_CHARSET" value="UTF-8"/>
    <property name="native.encoding" value="Cp1251"/>
    <property name="java.library.path" value="C:\Program Files\Java\jdk-23\bin;C:\Windows\Sun\Java\bin;C:\Windows\system32;C:\Windows;C:\Program Files\Common Files\Oracle\Java\javapath;C:\Windows\system32;C:\Windows;C:\Windows\System32\Wbem;C:\Windows\System32\WindowsPowerShell\v1.0\;C:\Windows\System32\OpenSSH\;C:\Program Files\Docker\Docker\resources\bin;C:\Program Files\Git\cmd;C:\Users\RetKi\AppData\Local\Microsoft\WindowsApps;C:\Program Files\JetBrains\IntelliJ IDEA 2024.3.4\bin;;C:\Program Files\apache-maven-3.9.9\bin;;."/>
    <property name="java.vm.info" value="mixed mode, sharing"/>
    <property name="stderr.encoding" value="Cp1251"/>
    <property name="java.vendor" value="Oracle Corporation"/>
    <property name="java.vm.version" value="23.0.2+7-58"/>
    <property name="sun.io.unicode.encoding" value="UnicodeLittle"/>
    <property name="java.class.version" value="67.0"/>
  </properties>
  <testcase name="contextLoads" classname="com.example.bookshop.BookShopApplicationTests" time="0.361">
    <system-out><![CDATA[12:21:34.755 [main] INFO org.springframework.test.context.support.AnnotationConfigContextLoaderUtils -- Could not detect default configuration classes for test class [com.example.bookshop.BookShopApplicationTests]: BookShopApplicationTests does not declare any static, non-private, non-final, nested classes annotated with @Configuration.
12:21:34.862 [main] INFO org.springframework.boot.test.context.SpringBootTestContextBootstrapper -- Found @SpringBootConfiguration com.example.bookshop.BookShopApplication for test class com.example.bookshop.BookShopApplicationTests

  .   ____          _            __ _ _
 /\\ / ___'_ __ _ _(_)_ __  __ _ \ \ \ \
( ( )\___ | '_ | '_| | '_ \/ _` | \ \ \ \
 \\/  ___)| |_)| | | | | || (_| |  ) ) ) )
  '  |____| .__|_| |_|_| |_\__, | / / / /
 =========|_|==============|___/=/_/_/_/

 :: Spring Boot ::                (v3.4.2)

2025-03-11T12:21:35.309+02:00  INFO 2324 --- [           main] c.e.bookshop.BookShopApplicationTests    : Starting BookShopApplicationTests using Java 23.0.2 with PID 2324 (started by RetKi in C:\Users\RetKi\IdeaProjects\Book-shop)
2025-03-11T12:21:35.309+02:00  INFO 2324 --- [           main] c.e.bookshop.BookShopApplicationTests    : No active profile set, falling back to 1 default profile: "default"
2025-03-11T12:21:36.252+02:00  INFO 2324 --- [           main] .s.d.r.c.RepositoryConfigurationDelegate : Bootstrapping Spring Data JPA repositories in DEFAULT mode.
2025-03-11T12:21:36.354+02:00  INFO 2324 --- [           main] .s.d.r.c.RepositoryConfigurationDelegate : Finished Spring Data repository scanning in 92 ms. Found 7 JPA repository interfaces.
2025-03-11T12:21:37.052+02:00  INFO 2324 --- [           main] com.zaxxer.hikari.HikariDataSource       : HikariPool-1 - Starting...
2025-03-11T12:21:37.120+02:00  INFO 2324 --- [           main] org.testcontainers.images.PullPolicy     : Image pull policy will be performed by: DefaultPullPolicy()
2025-03-11T12:21:37.120+02:00  INFO 2324 --- [           main] o.t.utility.ImageNameSubstitutor         : Image name substitution will be performed by: DefaultImageNameSubstitutor (composite of 'ConfigurationFileImageNameSubstitutor' and 'PrefixingImageNameSubstitutor')
2025-03-11T12:21:37.165+02:00  INFO 2324 --- [           main] org.testcontainers.DockerClientFactory   : Testcontainers version: 1.20.4
2025-03-11T12:21:37.343+02:00  INFO 2324 --- [           main] o.t.d.DockerClientProviderStrategy       : Loaded org.testcontainers.dockerclient.NpipeSocketClientProviderStrategy from ~/.testcontainers.properties, will try it first
2025-03-11T12:21:37.580+02:00  INFO 2324 --- [           main] o.t.d.DockerClientProviderStrategy       : Found Docker environment with local Npipe socket (npipe:////./pipe/docker_engine)
2025-03-11T12:21:37.580+02:00  INFO 2324 --- [           main] org.testcontainers.DockerClientFactory   : Docker host IP address is localhost
2025-03-11T12:21:37.601+02:00  INFO 2324 --- [           main] org.testcontainers.DockerClientFactory   : Connected to docker: 
  Server Version: 27.5.1
  API Version: 1.47
  Operating System: Docker Desktop
  Total Memory: 6862 MB
  Labels: 
    com.docker.desktop.address=npipe://\\.\pipe\docker_cli
2025-03-11T12:21:37.659+02:00  INFO 2324 --- [           main] tc.testcontainers/ryuk:0.11.0            : Creating container for image: testcontainers/ryuk:0.11.0
2025-03-11T12:21:37.903+02:00  INFO 2324 --- [           main] tc.testcontainers/ryuk:0.11.0            : Container testcontainers/ryuk:0.11.0 is starting: b2d7dc59d909f26b357714a6b63d690d9438d6aa7c5696ab228ee4ea640aa364
2025-03-11T12:21:38.291+02:00  INFO 2324 --- [           main] tc.testcontainers/ryuk:0.11.0            : Container testcontainers/ryuk:0.11.0 started in PT0.6322278S
2025-03-11T12:21:38.298+02:00  INFO 2324 --- [           main] o.t.utility.RyukResourceReaper           : Ryuk started - will monitor and terminate Testcontainers containers on JVM exit
2025-03-11T12:21:38.298+02:00  INFO 2324 --- [           main] org.testcontainers.DockerClientFactory   : Checking the system...
2025-03-11T12:21:38.298+02:00  INFO 2324 --- [           main] org.testcontainers.DockerClientFactory   : ✔︎ Docker server version should be at least 1.6.0
2025-03-11T12:21:38.301+02:00  INFO 2324 --- [           main] tc.mysql:8                               : Creating container for image: mysql:8
2025-03-11T12:21:38.454+02:00  INFO 2324 --- [           main] tc.mysql:8                               : Container mysql:8 is starting: f862b1c1c6a8cfddaa7a4ab35adaa34134ad81276d6502b5757265c6f4b7c891
2025-03-11T12:21:38.841+02:00  INFO 2324 --- [           main] tc.mysql:8                               : Waiting for database connection to become available at jdbc:mysql://localhost:59448/test using query 'SELECT 1'
2025-03-11T12:21:49.896+02:00  INFO 2324 --- [           main] tc.mysql:8                               : Container mysql:8 started in PT11.5945816S
2025-03-11T12:21:49.896+02:00  INFO 2324 --- [           main] tc.mysql:8                               : Container is started (JDBC URL: jdbc:mysql://localhost:59448/test)
2025-03-11T12:21:49.915+02:00  INFO 2324 --- [           main] com.zaxxer.hikari.pool.HikariPool        : HikariPool-1 - Added connection org.testcontainers.jdbc.ConnectionWrapper@11582db6
2025-03-11T12:21:49.917+02:00  INFO 2324 --- [           main] com.zaxxer.hikari.HikariDataSource       : HikariPool-1 - Start completed.
2025-03-11T12:21:50.500+02:00  INFO 2324 --- [           main] liquibase.changelog                      : Creating database history table with name: test.DATABASECHANGELOG
2025-03-11T12:21:50.640+02:00  INFO 2324 --- [           main] liquibase.changelog                      : Reading from test.DATABASECHANGELOG
2025-03-11T12:21:51.178+02:00  INFO 2324 --- [           main] liquibase.lockservice                    : Successfully acquired change log lock
2025-03-11T12:21:51.180+02:00  INFO 2324 --- [           main] liquibase.command                        : Using deploymentId: 1688511180
2025-03-11T12:21:51.183+02:00  INFO 2324 --- [           main] liquibase.changelog                      : Reading from test.DATABASECHANGELOG
2025-03-11T12:21:51.217+02:00  INFO 2324 --- [           main] liquibase.ui                             : Running Changeset: db/changelog/changes/01-create-books-table.yaml::create-books-table::retkinf
2025-03-11T12:21:51.278+02:00  INFO 2324 --- [           main] liquibase.changelog                      : Table books created
2025-03-11T12:21:51.280+02:00  INFO 2324 --- [           main] liquibase.changelog                      : ChangeSet db/changelog/changes/01-create-books-table.yaml::create-books-table::retkinf ran successfully in 58ms
2025-03-11T12:21:51.293+02:00  INFO 2324 --- [           main] liquibase.ui                             : Running Changeset: db/changelog/changes/02-create-user-table.yaml::create-users-table::retkinf
2025-03-11T12:21:51.332+02:00  INFO 2324 --- [           main] liquibase.changelog                      : Table users created
2025-03-11T12:21:51.334+02:00  INFO 2324 --- [           main] liquibase.changelog                      : ChangeSet db/changelog/changes/02-create-user-table.yaml::create-users-table::retkinf ran successfully in 40ms
2025-03-11T12:21:51.344+02:00  INFO 2324 --- [           main] liquibase.ui                             : Running Changeset: db/changelog/changes/03-create-roles-table.yaml::create-roles-table::retkinf
2025-03-11T12:21:51.378+02:00  INFO 2324 --- [           main] liquibase.changelog                      : Table roles created
2025-03-11T12:21:51.379+02:00  INFO 2324 --- [           main] liquibase.changelog                      : ChangeSet db/changelog/changes/03-create-roles-table.yaml::create-roles-table::retkinf ran successfully in 35ms
2025-03-11T12:21:51.389+02:00  INFO 2324 --- [           main] liquibase.ui                             : Running Changeset: db/changelog/changes/04-create-users-roles-table.yaml::create-users-roles-table::retkinf
2025-03-11T12:21:51.418+02:00  INFO 2324 --- [           main] liquibase.changelog                      : Table users_roles created
2025-03-11T12:21:51.497+02:00  INFO 2324 --- [           main] liquibase.changelog                      : Foreign key constraint added to users_roles (user_id)
2025-03-11T12:21:51.581+02:00  INFO 2324 --- [           main] liquibase.changelog                      : Foreign key constraint added to users_roles (role_id)
2025-03-11T12:21:51.583+02:00  INFO 2324 --- [           main] liquibase.changelog                      : ChangeSet db/changelog/changes/04-create-users-roles-table.yaml::create-users-roles-table::retkinf ran successfully in 194ms
2025-03-11T12:21:51.595+02:00  INFO 2324 --- [           main] liquibase.ui                             : Running Changeset: db/changelog/changes/05-insert-users-table.yaml::insert-users-table::retkinf
2025-03-11T12:21:51.600+02:00  INFO 2324 --- [           main] liquibase.changelog                      : New row inserted into users
2025-03-11T12:21:51.604+02:00  INFO 2324 --- [           main] liquibase.changelog                      : ChangeSet db/changelog/changes/05-insert-users-table.yaml::insert-users-table::retkinf ran successfully in 8ms
2025-03-11T12:21:51.613+02:00  INFO 2324 --- [           main] liquibase.ui                             : Running Changeset: db/changelog/changes/06-insert-roles-table.yaml::insert-roles-table::retkinf
2025-03-11T12:21:51.618+02:00  INFO 2324 --- [           main] liquibase.changelog                      : New row inserted into roles
2025-03-11T12:21:51.621+02:00  INFO 2324 --- [           main] liquibase.changelog                      : New row inserted into roles
2025-03-11T12:21:51.624+02:00  INFO 2324 --- [           main] liquibase.changelog                      : ChangeSet db/changelog/changes/06-insert-roles-table.yaml::insert-roles-table::retkinf ran successfully in 11ms
2025-03-11T12:21:51.634+02:00  INFO 2324 --- [           main] liquibase.ui                             : Running Changeset: db/changelog/changes/07-insert-users-roles-table.yaml::insert-users-roles-table::retkinf
2025-03-11T12:21:51.638+02:00  INFO 2324 --- [           main] liquibase.changelog                      : New row inserted into users_roles
2025-03-11T12:21:51.642+02:00  INFO 2324 --- [           main] liquibase.changelog                      : ChangeSet db/changelog/changes/07-insert-users-roles-table.yaml::insert-users-roles-table::retkinf ran successfully in 8ms
2025-03-11T12:21:51.652+02:00  INFO 2324 --- [           main] liquibase.ui                             : Running Changeset: db/changelog/changes/08-create-categories-table.yaml::create-categories-table::retkinf
2025-03-11T12:21:51.682+02:00  INFO 2324 --- [           main] liquibase.changelog                      : Table categories created
2025-03-11T12:21:51.684+02:00  INFO 2324 --- [           main] liquibase.changelog                      : ChangeSet db/changelog/changes/08-create-categories-table.yaml::create-categories-table::retkinf ran successfully in 31ms
2025-03-11T12:21:51.692+02:00  INFO 2324 --- [           main] liquibase.ui                             : Running Changeset: db/changelog/changes/09-create-books-categories-table.yaml::create-books-categories-table::retkinf
2025-03-11T12:21:51.722+02:00  INFO 2324 --- [           main] liquibase.changelog                      : Table books_categories created
2025-03-11T12:21:51.802+02:00  INFO 2324 --- [           main] liquibase.changelog                      : Foreign key constraint added to books_categories (book_id)
2025-03-11T12:21:51.892+02:00  INFO 2324 --- [           main] liquibase.changelog                      : Foreign key constraint added to books_categories (category_id)
2025-03-11T12:21:51.894+02:00  INFO 2324 --- [           main] liquibase.changelog                      : ChangeSet db/changelog/changes/09-create-books-categories-table.yaml::create-books-categories-table::retkinf ran successfully in 202ms
2025-03-11T12:21:51.906+02:00  INFO 2324 --- [           main] liquibase.ui                             : Running Changeset: db/changelog/changes/10-create-shopping-carts-table.yaml::create-shopping-carts-table::retkinf
2025-03-11T12:21:51.936+02:00  INFO 2324 --- [           main] liquibase.changelog                      : Table shopping_carts created
2025-03-11T12:21:52.004+02:00  INFO 2324 --- [           main] liquibase.changelog                      : Foreign key constraint added to shopping_carts (user_id)
2025-03-11T12:21:52.011+02:00  INFO 2324 --- [           main] liquibase.changelog                      : ChangeSet db/changelog/changes/10-create-shopping-carts-table.yaml::create-shopping-carts-table::retkinf ran successfully in 105ms
2025-03-11T12:21:52.020+02:00  INFO 2324 --- [           main] liquibase.ui                             : Running Changeset: db/changelog/changes/11-create-cart-items-table.yaml::create-cart-items-table::retkinf
2025-03-11T12:21:52.051+02:00  INFO 2324 --- [           main] liquibase.changelog                      : Table cart_items created
2025-03-11T12:21:52.131+02:00  INFO 2324 --- [           main] liquibase.changelog                      : Foreign key constraint added to cart_items (shopping_cart_id)
2025-03-11T12:21:52.231+02:00  INFO 2324 --- [           main] liquibase.changelog                      : Foreign key constraint added to cart_items (book_id)
2025-03-11T12:21:52.232+02:00  INFO 2324 --- [           main] liquibase.changelog                      : ChangeSet db/changelog/changes/11-create-cart-items-table.yaml::create-cart-items-table::retkinf ran successfully in 212ms
2025-03-11T12:21:52.242+02:00  INFO 2324 --- [           main] liquibase.ui                             : Running Changeset: db/changelog/changes/12-create-orders-table.yaml::create-orders-table::retkinf
2025-03-11T12:21:52.304+02:00  INFO 2324 --- [           main] liquibase.changelog                      : Table orders created
2025-03-11T12:21:52.388+02:00  INFO 2324 --- [           main] liquibase.changelog                      : Foreign key constraint added to orders (user_id)
2025-03-11T12:21:52.390+02:00  INFO 2324 --- [           main] liquibase.changelog                      : ChangeSet db/changelog/changes/12-create-orders-table.yaml::create-orders-table::retkinf ran successfully in 147ms
2025-03-11T12:21:52.399+02:00  INFO 2324 --- [           main] liquibase.ui                             : Running Changeset: db/changelog/changes/13-create-order-items-table.yaml::create-order-items-table::retkinf
2025-03-11T12:21:52.438+02:00  INFO 2324 --- [           main] liquibase.changelog                      : Table order_items created
2025-03-11T12:21:52.515+02:00  INFO 2324 --- [           main] liquibase.changelog                      : Foreign key constraint added to order_items (order_id)
2025-03-11T12:21:52.590+02:00  INFO 2324 --- [           main] liquibase.changelog                      : Foreign key constraint added to order_items (book_id)
2025-03-11T12:21:52.592+02:00  INFO 2324 --- [           main] liquibase.changelog                      : ChangeSet db/changelog/changes/13-create-order-items-table.yaml::create-order-items-table::retkinf ran successfully in 193ms
2025-03-11T12:21:52.606+02:00  INFO 2324 --- [           main] liquibase.util                           : UPDATE SUMMARY
2025-03-11T12:21:52.606+02:00  INFO 2324 --- [           main] liquibase.util                           : Run:                         13
2025-03-11T12:21:52.606+02:00  INFO 2324 --- [           main] liquibase.util                           : Previously run:               0
2025-03-11T12:21:52.606+02:00  INFO 2324 --- [           main] liquibase.util                           : Filtered out:                 0
2025-03-11T12:21:52.606+02:00  INFO 2324 --- [           main] liquibase.util                           : -------------------------------
2025-03-11T12:21:52.606+02:00  INFO 2324 --- [           main] liquibase.util                           : Total change sets:           13
2025-03-11T12:21:52.607+02:00  INFO 2324 --- [           main] liquibase.util                           : Update summary generated
2025-03-11T12:21:52.609+02:00  INFO 2324 --- [           main] liquibase.command                        : Update command completed successfully.
2025-03-11T12:21:52.609+02:00  INFO 2324 --- [           main] liquibase.ui                             : Liquibase: Update has been successful. Rows affected: 17
2025-03-11T12:21:52.616+02:00  INFO 2324 --- [           main] liquibase.lockservice                    : Successfully released change log lock
2025-03-11T12:21:52.619+02:00  INFO 2324 --- [           main] liquibase.command                        : Command execution complete
2025-03-11T12:21:52.742+02:00  INFO 2324 --- [           main] o.hibernate.jpa.internal.util.LogHelper  : HHH000204: Processing PersistenceUnitInfo [name: default]
2025-03-11T12:21:52.852+02:00  INFO 2324 --- [           main] org.hibernate.Version                    : HHH000412: Hibernate ORM core version 6.6.5.Final
2025-03-11T12:21:52.899+02:00  INFO 2324 --- [           main] o.h.c.internal.RegionFactoryInitiator    : HHH000026: Second-level cache disabled
2025-03-11T12:21:53.212+02:00  INFO 2324 --- [           main] o.s.o.j.p.SpringPersistenceUnitInfo      : No LoadTimeWeaver setup: ignoring JPA class transformer
2025-03-11T12:21:53.294+02:00  INFO 2324 --- [           main] org.hibernate.orm.connections.pooling    : HHH10001005: Database info:
	Database JDBC URL [Connecting through datasource 'HikariDataSource (HikariPool-1)']
	Database driver: undefined/unknown
	Database version: 8.4.4
	Autocommit mode: undefined/unknown
	Isolation level: undefined/unknown
	Minimum pool size: undefined/unknown
	Maximum pool size: undefined/unknown
2025-03-11T12:21:54.156+02:00  INFO 2324 --- [           main] o.h.e.t.j.p.i.JtaPlatformInitiator       : HHH000489: No JTA platform available (set 'hibernate.transaction.jta.platform' to enable JTA platform integration)
2025-03-11T12:21:54.156+02:00  INFO 2324 --- [           main] j.LocalContainerEntityManagerFactoryBean : Initialized JPA EntityManagerFactory for persistence unit 'default'
2025-03-11T12:21:54.563+02:00  INFO 2324 --- [           main] o.s.d.j.r.query.QueryEnhancerFactory     : Hibernate is in classpath; If applicable, HQL parser will be used.
2025-03-11T12:21:55.271+02:00  INFO 2324 --- [           main] r$InitializeUserDetailsManagerConfigurer : Global AuthenticationManager configured with UserDetailsService bean with name customUserDetailsService
2025-03-11T12:21:55.635+02:00  WARN 2324 --- [           main] JpaBaseConfiguration$JpaWebConfiguration : spring.jpa.open-in-view is enabled by default. Therefore, database queries may be performed during view rendering. Explicitly configure spring.jpa.open-in-view to disable this warning
2025-03-11T12:21:56.494+02:00  INFO 2324 --- [           main] c.e.bookshop.BookShopApplicationTests    : Started BookShopApplicationTests in 21.471 seconds (process running for 22.488)
]]></system-out>
    <system-err><![CDATA[Mockito is currently self-attaching to enable the inline-mock-maker. This will no longer work in future releases of the JDK. Please add Mockito as an agent to your build what is described in Mockito's documentation: https://javadoc.io/doc/org.mockito/mockito-core/latest/org/mockito/Mockito.html#0.3
WARNING: A Java agent has been loaded dynamically (C:\Users\RetKi\.m2\repository\net\bytebuddy\byte-buddy-agent\1.15.11\byte-buddy-agent-1.15.11.jar)
WARNING: If a serviceability tool is in use, please run with -XX:+EnableDynamicAgentLoading to hide this warning
WARNING: If a serviceability tool is not in use, please run with -Djdk.instrument.traceUsage for more information
WARNING: Dynamic loading of agents will be disallowed by default in a future release
]]></system-err>
  </testcase>
</testsuite>